<?xml version="1.0" encoding="UTF-8"?>
<!-- Generated by org.testng.reporters.JUnitReportReporter -->
<testsuite skipped="0" hostname="Mahesh-PC" name="com.Effent.DependencyTestDemo.DependencyGroupsChildClass" tests="2" failures="0" timestamp="03 Jun 2018 17:22:11 GMT" time="0.000" errors="0">
  <testcase name="Test1" time="0.000" classname="com.Effent.DependencyTestDemo.DependencyGroupsChildClass"/>
  <testcase name="Test2" time="0.000" classname="com.Effent.DependencyTestDemo.DependencyGroupsChildClass"/>
</testsuite> <!-- com.Effent.DependencyTestDemo.DependencyGroupsChildClass -->
