<?xml version="1.0" encoding="UTF-8"?>
<!-- Generated by org.testng.reporters.JUnitReportReporter -->
<testsuite skipped="0" hostname="Mahesh-PC" name="com.Effent.TestNGAnnotationDemo.GroupsDemo" tests="2" failures="0" timestamp="07 Oct 2018 17:58:09 GMT" time="0.015" errors="0">
  <testcase name="Test2" time="0.015" classname="com.Effent.TestNGAnnotationDemo.GroupsDemo"/>
  <testcase name="Test4" time="0.000" classname="com.Effent.TestNGAnnotationDemo.GroupsDemo"/>
</testsuite> <!-- com.Effent.TestNGAnnotationDemo.GroupsDemo -->
