<?xml version="1.0" encoding="UTF-8"?>
<!-- Generated by org.testng.reporters.JUnitReportReporter -->
<testsuite skipped="0" hostname="DESKTOP-0D7S9H3" name="GroupsDemo.GroupsOfGroups1" tests="1" failures="0" timestamp="2020-07-29T22:26:43 IST" time="0.012" errors="0">
  <testcase name="loginTest" time="0.012" classname="GroupsDemo.GroupsOfGroups1"/>
  <system-out/>
</testsuite> <!-- GroupsDemo.GroupsOfGroups1 -->
