<?xml version="1.0" encoding="UTF-8"?>
<!-- Generated by org.testng.reporters.JUnitReportReporter -->
<testsuite skipped="0" hostname="DESKTOP-0D7S9H3" name="AssertionsDemo.HardAsserts_WhenAssertPasses" tests="1" failures="0" timestamp="2020-07-29T21:05:46 IST" time="0.013" errors="0">
  <testcase name="hardAssert" time="0.013" classname="AssertionsDemo.HardAsserts_WhenAssertPasses"/>
  <system-out/>
</testsuite> <!-- AssertionsDemo.HardAsserts_WhenAssertPasses -->
