<?xml version="1.0" encoding="UTF-8"?>
<!-- Generated by org.testng.reporters.JUnitReportReporter -->
<testsuite skipped="0" hostname="DESKTOP-0D7S9H3" name="PriorityDemo.PrioritySample1" tests="3" failures="0" timestamp="2020-08-03T20:05:07 IST" time="0.014" errors="0">
  <testcase name="mahesh" time="0.010" classname="PriorityDemo.PrioritySample1"/>
  <system-out/>
  <testcase name="naveen" time="0.002" classname="PriorityDemo.PrioritySample1"/>
  <system-out/>
  <testcase name="yashwanth" time="0.002" classname="PriorityDemo.PrioritySample1"/>
  <system-out/>
</testsuite> <!-- PriorityDemo.PrioritySample1 -->
