<?xml version="1.0" encoding="UTF-8"?>
<!-- Generated by org.testng.reporters.JUnitReportReporter -->
<testsuite skipped="0" hostname="m-PC" name="com.Effent.DependencyTestDemo.TestDependsOnSingleMethod" tests="2" failures="0" timestamp="04 Apr 2018 18:58:08 GMT" time="0.010" errors="0">
  <testcase name="Test2" time="0.000" classname="com.Effent.DependencyTestDemo.TestDependsOnSingleMethod"/>
  <testcase name="Test1" time="0.010" classname="com.Effent.DependencyTestDemo.TestDependsOnSingleMethod"/>
</testsuite> <!-- com.Effent.DependencyTestDemo.TestDependsOnSingleMethod -->
