<?xml version="1.0" encoding="UTF-8"?>
<!-- Generated by org.testng.reporters.JUnitReportReporter -->
<testsuite skipped="0" hostname="Mahesh-PC" name="com.Effent.TestNGAnnotationDemo.OptionalParameterization" tests="2" failures="0" timestamp="13 Jul 2018 08:05:05 GMT" time="0.000" errors="0">
  <testcase name="optionalTesting" time="0.000" classname="com.Effent.TestNGAnnotationDemo.OptionalParameterization"/>
  <testcase name="optionalTesting" time="0.000" classname="com.Effent.TestNGAnnotationDemo.OptionalParameterization"/>
</testsuite> <!-- com.Effent.TestNGAnnotationDemo.OptionalParameterization -->
