<?xml version="1.0" encoding="UTF-8"?>
<!-- Generated by org.testng.reporters.JUnitReportReporter -->
<testsuite skipped="0" hostname="m-PC" name="com.Effent.DependencyTestDemo.DependencyChildClass" tests="3" failures="0" timestamp="04 Apr 2018 19:09:10 GMT" time="0.005" errors="0">
  <testcase name="ParentTest" time="0.000" classname="com.Effent.DependencyTestDemo.DependencyChildClass"/>
  <testcase name="ChildTest1" time="0.000" classname="com.Effent.DependencyTestDemo.DependencyChildClass"/>
  <testcase name="ChildTest2" time="0.005" classname="com.Effent.DependencyTestDemo.DependencyChildClass"/>
</testsuite> <!-- com.Effent.DependencyTestDemo.DependencyChildClass -->
