<?xml version="1.0" encoding="UTF-8"?>
<!-- Generated by org.testng.reporters.JUnitReportReporter -->
<testsuite skipped="0" hostname="Mahesh-PC" name="com.Effent.TestNGAnnotationDemo.ParameterizedTestNG" tests="3" failures="0" timestamp="14 Jul 2018 11:56:01 GMT" time="0.015" errors="0">
  <testcase name="thirdTest" time="0.002" classname="com.Effent.TestNGAnnotationDemo.ParameterizedTestNG"/>
  <testcase name="secondTest" time="0.002" classname="com.Effent.TestNGAnnotationDemo.ParameterizedTestNG"/>
  <testcase name="firstTest" time="0.011" classname="com.Effent.TestNGAnnotationDemo.ParameterizedTestNG"/>
</testsuite> <!-- com.Effent.TestNGAnnotationDemo.ParameterizedTestNG -->
