<?xml version="1.0" encoding="UTF-8"?>
<!-- Generated by org.testng.reporters.JUnitReportReporter -->
<testsuite skipped="0" hostname="DESKTOP-0D7S9H3" name="GroupsDemo.GroupsClass" tests="2" failures="0" timestamp="2020-07-24T22:34:12 IST" time="0.011" errors="0">
  <testcase name="Test4" time="0.002" classname="GroupsDemo.GroupsClass"/>
  <system-out/>
  <testcase name="Test2" time="0.009" classname="GroupsDemo.GroupsClass"/>
  <system-out/>
</testsuite> <!-- GroupsDemo.GroupsClass -->
