<?xml version="1.0" encoding="UTF-8"?>
<!-- Generated by org.testng.reporters.JUnitReportReporter -->
<testsuite skipped="0" hostname="m-PC" name="com.Effent.testNGDemo.DataProviderInSameClass" tests="2" failures="0" timestamp="04 Apr 2018 16:52:39 GMT" time="0.012" errors="0">
  <testcase name="TestMethod" time="0.010" classname="com.Effent.testNGDemo.DataProviderInSameClass"/>
  <testcase name="TestMethod" time="0.002" classname="com.Effent.testNGDemo.DataProviderInSameClass"/>
</testsuite> <!-- com.Effent.testNGDemo.DataProviderInSameClass -->
