<?xml version="1.0" encoding="UTF-8"?>
<!-- Generated by org.testng.reporters.JUnitReportReporter -->
<testsuite skipped="0" hostname="DESKTOP-0D7S9H3" name="ParallelTesting.ParallelClassTwo" tests="1" failures="0" timestamp="2020-07-17T18:10:51 IST" time="0.014" errors="0">
  <testcase name="Test1" time="0.014" classname="ParallelTesting.ParallelClassTwo"/>
  <system-out/>
</testsuite> <!-- ParallelTesting.ParallelClassTwo -->
