<?xml version="1.0" encoding="UTF-8"?>
<!-- Generated by org.testng.reporters.JUnitReportReporter -->
<testsuite skipped="0" hostname="DESKTOP-0D7S9H3" name="com.Effent.DependencyTestDemo.TestDependsOnMultipleMethods" tests="3" failures="0" timestamp="2020-07-17T17:49:04 IST" time="0.014" errors="0">
  <testcase name="Test1" time="0.002" classname="com.Effent.DependencyTestDemo.TestDependsOnMultipleMethods"/>
  <system-out/>
  <testcase name="Test3" time="0.001" classname="com.Effent.DependencyTestDemo.TestDependsOnMultipleMethods"/>
  <system-out/>
  <testcase name="Test2" time="0.011" classname="com.Effent.DependencyTestDemo.TestDependsOnMultipleMethods"/>
  <system-out/>
</testsuite> <!-- com.Effent.DependencyTestDemo.TestDependsOnMultipleMethods -->
