<?xml version="1.0" encoding="UTF-8"?>
<!-- Generated by org.testng.reporters.JUnitReportReporter -->
<testsuite skipped="0" hostname="DESKTOP-0D7S9H3" name="DataProviderDemo.DataProviderInSameClass" tests="2" failures="0" timestamp="2020-07-17T18:10:38 IST" time="0.011" errors="0">
  <testcase name="TestMethod" time="0.008" classname="DataProviderDemo.DataProviderInSameClass"/>
  <system-out/>
  <testcase name="TestMethod" time="0.003" classname="DataProviderDemo.DataProviderInSameClass"/>
  <system-out/>
</testsuite> <!-- DataProviderDemo.DataProviderInSameClass -->
