<?xml version="1.0" encoding="UTF-8"?>
<!-- Generated by org.testng.reporters.JUnitReportReporter -->
<testsuite skipped="0" hostname="DESKTOP-0D7S9H3" name="GroupsDemo.ExecutingMultipleSmokeTestsUsingGroups" tests="6" failures="0" timestamp="2020-07-24T22:30:00 IST" time="0.026" errors="0">
  <testcase name="test2" time="0.003" classname="GroupsDemo.ExecutingMultipleSmokeTestsUsingGroups"/>
  <system-out/>
  <testcase name="test3" time="0.003" classname="GroupsDemo.ExecutingMultipleSmokeTestsUsingGroups"/>
  <system-out/>
  <testcase name="test1" time="0.010" classname="GroupsDemo.ExecutingMultipleSmokeTestsUsingGroups"/>
  <system-out/>
  <testcase name="testB" time="0.002" classname="GroupsDemo.ExecutingMultipleSmokeTestsUsingGroups"/>
  <system-out/>
  <testcase name="testC" time="0.005" classname="GroupsDemo.ExecutingMultipleSmokeTestsUsingGroups"/>
  <system-out/>
  <testcase name="testA" time="0.003" classname="GroupsDemo.ExecutingMultipleSmokeTestsUsingGroups"/>
  <system-out/>
</testsuite> <!-- GroupsDemo.ExecutingMultipleSmokeTestsUsingGroups -->
