<?xml version="1.0" encoding="UTF-8"?>
<!-- Generated by org.testng.reporters.JUnitReportReporter -->
<testsuite skipped="0" hostname="DESKTOP-0D7S9H3" name="DataProviderInDifferentClass.DataProviderInOtherClass" tests="2" failures="0" timestamp="2020-07-17T18:12:07 IST" time="0.010" errors="0">
  <testcase name="TestMethod" time="0.002" classname="DataProviderInDifferentClass.DataProviderInOtherClass"/>
  <system-out/>
  <testcase name="TestMethod" time="0.008" classname="DataProviderInDifferentClass.DataProviderInOtherClass"/>
  <system-out/>
</testsuite> <!-- DataProviderInDifferentClass.DataProviderInOtherClass -->
