<?xml version="1.0" encoding="UTF-8"?>
<!-- Generated by org.testng.reporters.JUnitReportReporter -->
<testsuite skipped="0" hostname="Mahesh-PC" name="com.Effent.TestNGAnnotationDemo.ParallelClassTwo" tests="1" failures="0" timestamp="12 Jul 2018 12:44:23 GMT" time="0.015" errors="0">
  <testcase name="Test1" time="0.015" classname="com.Effent.TestNGAnnotationDemo.ParallelClassTwo"/>
</testsuite> <!-- com.Effent.TestNGAnnotationDemo.ParallelClassTwo -->
