<?xml version="1.0" encoding="UTF-8"?>
<!-- Generated by org.testng.reporters.JUnitReportReporter -->
<testsuite skipped="0" hostname="DESKTOP-0D7S9H3" name="GroupsDemo.ExecutingMultipleGroupsAtATime" tests="6" failures="0" timestamp="2020-07-24T22:33:12 IST" time="0.022" errors="0">
  <testcase name="testA" time="0.001" classname="GroupsDemo.ExecutingMultipleGroupsAtATime"/>
  <system-out/>
  <testcase name="test3" time="0.002" classname="GroupsDemo.ExecutingMultipleGroupsAtATime"/>
  <system-out/>
  <testcase name="testC" time="0.005" classname="GroupsDemo.ExecutingMultipleGroupsAtATime"/>
  <system-out/>
  <testcase name="test2" time="0.002" classname="GroupsDemo.ExecutingMultipleGroupsAtATime"/>
  <system-out/>
  <testcase name="test1" time="0.010" classname="GroupsDemo.ExecutingMultipleGroupsAtATime"/>
  <system-out/>
  <testcase name="testB" time="0.002" classname="GroupsDemo.ExecutingMultipleGroupsAtATime"/>
  <system-out/>
</testsuite> <!-- GroupsDemo.ExecutingMultipleGroupsAtATime -->
