<?xml version="1.0" encoding="UTF-8"?>
<!-- Generated by org.testng.reporters.JUnitReportReporter -->
<testsuite skipped="0" hostname="Mahesh-PC" name="com.Effent.DependencyTestDemo.DependencyGroupsParentClass" tests="1" failures="0" timestamp="03 Jun 2018 17:22:11 GMT" time="0.016" errors="0">
  <testcase name="Test3" time="0.016" classname="com.Effent.DependencyTestDemo.DependencyGroupsParentClass"/>
</testsuite> <!-- com.Effent.DependencyTestDemo.DependencyGroupsParentClass -->
