<?xml version="1.0" encoding="UTF-8"?>
<!-- Generated by org.testng.reporters.JUnitReportReporter -->
<testsuite skipped="0" hostname="m-PC" name="com.Effent.testNGDemo.DataProviderInOtherClass" tests="2" failures="0" timestamp="04 Apr 2018 17:16:33 GMT" time="0.015" errors="0">
  <testcase name="TestMethod" time="0.005" classname="com.Effent.testNGDemo.DataProviderInOtherClass"/>
  <testcase name="TestMethod" time="0.010" classname="com.Effent.testNGDemo.DataProviderInOtherClass"/>
</testsuite> <!-- com.Effent.testNGDemo.DataProviderInOtherClass -->
