<?xml version="1.0" encoding="UTF-8"?>
<!-- Generated by org.testng.reporters.JUnitReportReporter -->
<testsuite skipped="0" hostname="DESKTOP-0D7S9H3" name="Parameterization.OptionalParameterization" tests="2" failures="0" timestamp="2020-07-17T18:08:30 IST" time="0.013" errors="0">
  <testcase name="optionalTesting" time="0.002" classname="Parameterization.OptionalParameterization"/>
  <system-out/>
  <testcase name="optionalTesting" time="0.011" classname="Parameterization.OptionalParameterization"/>
  <system-out/>
</testsuite> <!-- Parameterization.OptionalParameterization -->
