<?xml version="1.0" encoding="UTF-8"?>
<!-- Generated by org.testng.reporters.JUnitReportReporter -->
<testsuite skipped="0" hostname="DESKTOP-0D7S9H3" name="PriorityDemo.PriorityWithDependsOnMethods" tests="3" failures="0" timestamp="2020-08-03T21:07:54 IST" time="0.013" errors="0">
  <testcase name="modifyUser" time="0.003" classname="PriorityDemo.PriorityWithDependsOnMethods"/>
  <system-out/>
  <testcase name="createUser" time="0.006" classname="PriorityDemo.PriorityWithDependsOnMethods"/>
  <system-out/>
  <testcase name="deleteUser" time="0.004" classname="PriorityDemo.PriorityWithDependsOnMethods"/>
  <system-out/>
</testsuite> <!-- PriorityDemo.PriorityWithDependsOnMethods -->
