<?xml version="1.0" encoding="UTF-8"?>
<!-- Generated by org.testng.reporters.JUnitReportReporter -->
<testsuite skipped="0" hostname="DESKTOP-0D7S9H3" name="TestNgDemo.GroupsDemo" tests="2" failures="0" timestamp="2020-07-17T18:04:32 IST" time="0.013" errors="0">
  <testcase name="Test4" time="0.002" classname="TestNgDemo.GroupsDemo"/>
  <system-out/>
  <testcase name="Test2" time="0.011" classname="TestNgDemo.GroupsDemo"/>
  <system-out/>
</testsuite> <!-- TestNgDemo.GroupsDemo -->
