<?xml version="1.0" encoding="UTF-8"?>
<!-- Generated by org.testng.reporters.JUnitReportReporter -->
<testsuite skipped="0" hostname="DESKTOP-0D7S9H3" name="AssertionsDemo.SoftAsserts_WhenAssertFails" tests="1" failures="0" timestamp="2020-07-29T21:07:32 IST" time="0.027" errors="0">
  <testcase name="softAssert" time="0.027" classname="AssertionsDemo.SoftAsserts_WhenAssertFails"/>
  <system-out/>
</testsuite> <!-- AssertionsDemo.SoftAsserts_WhenAssertFails -->
