<?xml version="1.0" encoding="UTF-8"?>
<!-- Generated by org.testng.reporters.JUnitReportReporter -->
<testsuite skipped="0" hostname="DESKTOP-0D7S9H3" name="Parameterization.TestOverridingSuite" tests="1" failures="0" timestamp="2020-07-22T19:39:15 IST" time="0.013" errors="0">
  <testcase name="thirdTest" time="0.013" classname="Parameterization.TestOverridingSuite"/>
  <system-out/>
</testsuite> <!-- Parameterization.TestOverridingSuite -->
