<?xml version="1.0" encoding="UTF-8"?>
<!-- Generated by org.testng.reporters.JUnitReportReporter -->
<testsuite skipped="0" hostname="Mahesh-PC" name="com.Effent.DependencyTestDemo.TestDependsOnSingleGroup" tests="3" failures="0" timestamp="31 Dec 2009 19:20:21 GMT" time="0.021" errors="0">
  <testcase name="Test1" time="0.003" classname="com.Effent.DependencyTestDemo.TestDependsOnSingleGroup"/>
  <testcase name="Test3" time="0.006" classname="com.Effent.DependencyTestDemo.TestDependsOnSingleGroup"/>
  <testcase name="Test2" time="0.012" classname="com.Effent.DependencyTestDemo.TestDependsOnSingleGroup"/>
</testsuite> <!-- com.Effent.DependencyTestDemo.TestDependsOnSingleGroup -->
