<?xml version="1.0" encoding="UTF-8"?>
<!-- Generated by org.testng.reporters.JUnitReportReporter -->
<testsuite skipped="0" hostname="m-PC" name="com.Effent.testNGDemo.DataProviderWithMultipleParameters" tests="2" failures="0" timestamp="04 Apr 2018 17:16:48 GMT" time="0.010" errors="0">
  <testcase name="TestMethod" time="0.010" classname="com.Effent.testNGDemo.DataProviderWithMultipleParameters"/>
  <testcase name="TestMethod" time="0.000" classname="com.Effent.testNGDemo.DataProviderWithMultipleParameters"/>
</testsuite> <!-- com.Effent.testNGDemo.DataProviderWithMultipleParameters -->
