<?xml version="1.0" encoding="UTF-8"?>
<!-- Generated by org.testng.reporters.JUnitReportReporter -->
<testsuite skipped="0" hostname="DESKTOP-0D7S9H3" name="PriorityDemo.PrioritySample2" tests="3" failures="0" timestamp="2020-08-03T20:07:57 IST" time="0.015" errors="0">
  <testcase name="yashwanth" time="0.010" classname="PriorityDemo.PrioritySample2"/>
  <system-out/>
  <testcase name="naveen" time="0.002" classname="PriorityDemo.PrioritySample2"/>
  <system-out/>
  <testcase name="mahesh" time="0.003" classname="PriorityDemo.PrioritySample2"/>
  <system-out/>
</testsuite> <!-- PriorityDemo.PrioritySample2 -->
