<?xml version="1.0" encoding="UTF-8"?>
<!-- Generated by org.testng.reporters.JUnitReportReporter -->
<testsuite skipped="0" hostname="Mahesh-PC" name="com.Effent.TestNGAnnotationDemo.TestNGAnnotationsDemo" tests="4" failures="0" timestamp="03 Jun 2018 16:56:25 GMT" time="0.015" errors="0">
  <testcase name="FirstGroupMethodTwo" time="0.000" classname="com.Effent.TestNGAnnotationDemo.TestNGAnnotationsDemo"/>
  <testcase name="FirstGroupMethodOne" time="0.000" classname="com.Effent.TestNGAnnotationDemo.TestNGAnnotationsDemo"/>
  <testcase name="SecondGroupMethodOne" time="0.000" classname="com.Effent.TestNGAnnotationDemo.TestNGAnnotationsDemo"/>
  <testcase name="SecondGroupMethodTwo" time="0.015" classname="com.Effent.TestNGAnnotationDemo.TestNGAnnotationsDemo"/>
</testsuite> <!-- com.Effent.TestNGAnnotationDemo.TestNGAnnotationsDemo -->
