<?xml version="1.0" encoding="UTF-8"?>
<!-- Generated by org.testng.reporters.JUnitReportReporter -->
<testsuite skipped="0" hostname="DESKTOP-0D7S9H3" name="TestNgDemo.TestNGAnnotationsDemo" tests="4" failures="0" timestamp="2020-07-17T18:07:40 IST" time="0.022" errors="0">
  <testcase name="FirstGroupMethodTwo" time="0.007" classname="TestNgDemo.TestNGAnnotationsDemo"/>
  <system-out/>
  <testcase name="SecondGroupMethodOne" time="0.003" classname="TestNgDemo.TestNGAnnotationsDemo"/>
  <system-out/>
  <testcase name="SecondGroupMethodTwo" time="0.001" classname="TestNgDemo.TestNGAnnotationsDemo"/>
  <system-out/>
  <testcase name="FirstGroupMethodOne" time="0.011" classname="TestNgDemo.TestNGAnnotationsDemo"/>
  <system-out/>
</testsuite> <!-- TestNgDemo.TestNGAnnotationsDemo -->
